

================================================================
== Vitis HLS Report for 'krnl_mmult_Pipeline_writeC_writeC_inner'
================================================================
* Date:           Mon Dec  4 19:45:26 2023

* Version:        2021.1 (Build 3247384 on Thu Jun 10 19:36:07 MDT 2021)
* Project:        systolic_hls
* Solution:       solution1 (Vitis Kernel Flow Target)
* Product family: zynquplus
* Target device:  xczu3eg-sbva484-1-i


================================================================
== Performance Estimates
================================================================
+ Timing: 
    * Summary: 
    +--------+----------+----------+------------+
    |  Clock |  Target  | Estimated| Uncertainty|
    +--------+----------+----------+------------+
    |ap_clk  |  10.00 ns|  7.300 ns|     2.70 ns|
    +--------+----------+----------+------------+

+ Latency: 
    * Summary: 
    +---------+---------+----------+----------+-----+-----+---------+
    |  Latency (cycles) |  Latency (absolute) |  Interval | Pipeline|
    |   min   |   max   |    min   |    max   | min | max |   Type  |
    +---------+---------+----------+----------+-----+-----+---------+
    |        ?|        ?|         ?|         ?|    ?|    ?|       no|
    +---------+---------+----------+----------+-----+-----+---------+

    + Detail: 
        * Instance: 
        N/A

        * Loop: 
        +-----------------------+---------+---------+----------+-----------+-----------+------+----------+
        |                       |  Latency (cycles) | Iteration|  Initiation Interval  | Trip |          |
        |       Loop Name       |   min   |   max   |  Latency |  achieved |   target  | Count| Pipelined|
        +-----------------------+---------+---------+----------+-----------+-----------+------+----------+
        |- writeC_writeC_inner  |        ?|        ?|        71|          1|          1|     ?|       yes|
        +-----------------------+---------+---------+----------+-----------+-----------+------+----------+



================================================================
== Utilization Estimates
================================================================
* Summary: 
+-----------------+---------+-----+--------+-------+-----+
|       Name      | BRAM_18K| DSP |   FF   |  LUT  | URAM|
+-----------------+---------+-----+--------+-------+-----+
|DSP              |        -|    -|       -|      -|    -|
|Expression       |        -|    -|       0|   3323|    -|
|FIFO             |        -|    -|       -|      -|    -|
|Instance         |        -|    -|       0|    273|    -|
|Memory           |        -|    -|       -|      -|    -|
|Multiplexer      |        -|    -|       -|     99|    -|
|Register         |        -|    -|    1247|      -|    -|
+-----------------+---------+-----+--------+-------+-----+
|Total            |        0|    0|    1247|   3695|    0|
+-----------------+---------+-----+--------+-------+-----+
|Available        |      432|  360|  141120|  70560|    0|
+-----------------+---------+-----+--------+-------+-----+
|Utilization (%)  |        0|    0|      ~0|      5|    0|
+-----------------+---------+-----+--------+-------+-----+

+ Detail: 
    * Instance: 
    +---------------------+----------------+---------+----+---+-----+-----+
    |       Instance      |     Module     | BRAM_18K| DSP| FF| LUT | URAM|
    +---------------------+----------------+---------+----+---+-----+-----+
    |mux_647_32_1_1_U234  |mux_647_32_1_1  |        0|   0|  0|  273|    0|
    +---------------------+----------------+---------+----+---+-----+-----+
    |Total                |                |        0|   0|  0|  273|    0|
    +---------------------+----------------+---------+----+---+-----+-----+

    * DSP: 
    N/A

    * Memory: 
    N/A

    * FIFO: 
    N/A

    * Expression: 
    +---------------------------+----------+----+---+------+------------+------------+
    |       Variable Name       | Operation| DSP| FF|  LUT | Bitwidth P0| Bitwidth P1|
    +---------------------------+----------+----+---+------+------------+------------+
    |add_ln265_1_fu_832_p2      |         +|   0|  0|    71|          64|           1|
    |add_ln265_2_fu_850_p2      |         +|   0|  0|    71|          64|           1|
    |add_ln265_fu_797_p2        |         +|   0|  0|   135|         128|           1|
    |add_ln267_1_fu_1070_p2     |         +|   0|  0|    71|          64|           1|
    |add_ln267_fu_1064_p2       |         +|   0|  0|    71|          64|           1|
    |add_ln268_1_fu_1032_p2     |         +|   0|  0|    13|          64|          64|
    |add_ln268_2_fu_1048_p2     |         +|   0|  0|    13|           6|           6|
    |add_ln268_3_fu_1043_p2     |         +|   0|  0|    13|           6|           6|
    |add_ln268_fu_1037_p2       |         +|   0|  0|    13|          64|          64|
    |tmp_fu_768_p2              |         +|   0|  0|    69|          62|          62|
    |tmp_mid1_fu_868_p2         |         +|   0|  0|    69|          62|          62|
    |ap_block_pp0_stage0_01001  |       and|   0|  0|     2|           1|           1|
    |icmp_ln265_fu_792_p2       |      icmp|   0|  0|    50|         128|         128|
    |icmp_ln267_fu_812_p2       |      icmp|   0|  0|    29|          64|          64|
    |ap_block_pp0_stage0_11001  |        or|   0|  0|     2|           1|           1|
    |select_ln265_1_fu_825_p3   |    select|   0|  0|    56|           1|          64|
    |select_ln265_2_fu_838_p3   |    select|   0|  0|    56|           1|          64|
    |select_ln265_3_fu_892_p3   |    select|   0|  0|    55|           1|          62|
    |select_ln265_4_fu_920_p3   |    select|   0|  0|    56|           1|          64|
    |select_ln265_fu_817_p3     |    select|   0|  0|    56|           1|          64|
    |shl_ln268_1_fu_1124_p2     |       shl|   0|  0|  2171|         512|         512|
    |shl_ln268_fu_1107_p2       |       shl|   0|  0|   179|           4|          64|
    |ap_enable_pp0              |       xor|   0|  0|     2|           1|           2|
    +---------------------------+----------+----+---+------+------------+------------+
    |Total                      |          |   0|  0|  3323|        1364|        1359|
    +---------------------------+----------+----+---+------+------------+------------+

    * Multiplexer: 
    +-------------------------+----+-----------+-----+-----------+
    |           Name          | LUT| Input Size| Bits| Total Bits|
    +-------------------------+----+-----------+-----+-----------+
    |ap_done_int              |   9|          2|    1|          2|
    |ap_enable_reg_pp0_iter1  |   9|          2|    1|          2|
    |ap_enable_reg_pp0_iter2  |   9|          2|    1|          2|
    |gmem_blk_n_AW            |   9|          2|    1|          2|
    |gmem_blk_n_B             |   9|          2|    1|          2|
    |gmem_blk_n_W             |   9|          2|    1|          2|
    |i_fu_250                 |   9|          2|   64|        128|
    |indvar123_fu_254         |   9|          2|   64|        128|
    |indvar126_fu_246         |   9|          2|   64|        128|
    |indvar_flatten72_fu_258  |   9|          2|  128|        256|
    |j_fu_242                 |   9|          2|   64|        128|
    +-------------------------+----+-----------+-----+-----------+
    |Total                    |  99|         22|  390|        780|
    +-------------------------+----+-----------+-----+-----------+

    * Register: 
    +-----------------------------------+-----+----+-----+-----------+
    |                Name               |  FF | LUT| Bits| Const Bits|
    +-----------------------------------+-----+----+-----+-----------+
    |add_ln268_2_reg_1541               |    6|   0|    6|          0|
    |ap_CS_fsm                          |    1|   0|    1|          0|
    |ap_done_reg                        |    1|   0|    1|          0|
    |ap_enable_reg_pp0_iter1            |    1|   0|    1|          0|
    |ap_enable_reg_pp0_iter10           |    1|   0|    1|          0|
    |ap_enable_reg_pp0_iter11           |    1|   0|    1|          0|
    |ap_enable_reg_pp0_iter12           |    1|   0|    1|          0|
    |ap_enable_reg_pp0_iter13           |    1|   0|    1|          0|
    |ap_enable_reg_pp0_iter14           |    1|   0|    1|          0|
    |ap_enable_reg_pp0_iter15           |    1|   0|    1|          0|
    |ap_enable_reg_pp0_iter16           |    1|   0|    1|          0|
    |ap_enable_reg_pp0_iter17           |    1|   0|    1|          0|
    |ap_enable_reg_pp0_iter18           |    1|   0|    1|          0|
    |ap_enable_reg_pp0_iter19           |    1|   0|    1|          0|
    |ap_enable_reg_pp0_iter2            |    1|   0|    1|          0|
    |ap_enable_reg_pp0_iter20           |    1|   0|    1|          0|
    |ap_enable_reg_pp0_iter21           |    1|   0|    1|          0|
    |ap_enable_reg_pp0_iter22           |    1|   0|    1|          0|
    |ap_enable_reg_pp0_iter23           |    1|   0|    1|          0|
    |ap_enable_reg_pp0_iter24           |    1|   0|    1|          0|
    |ap_enable_reg_pp0_iter25           |    1|   0|    1|          0|
    |ap_enable_reg_pp0_iter26           |    1|   0|    1|          0|
    |ap_enable_reg_pp0_iter27           |    1|   0|    1|          0|
    |ap_enable_reg_pp0_iter28           |    1|   0|    1|          0|
    |ap_enable_reg_pp0_iter29           |    1|   0|    1|          0|
    |ap_enable_reg_pp0_iter3            |    1|   0|    1|          0|
    |ap_enable_reg_pp0_iter30           |    1|   0|    1|          0|
    |ap_enable_reg_pp0_iter31           |    1|   0|    1|          0|
    |ap_enable_reg_pp0_iter32           |    1|   0|    1|          0|
    |ap_enable_reg_pp0_iter33           |    1|   0|    1|          0|
    |ap_enable_reg_pp0_iter34           |    1|   0|    1|          0|
    |ap_enable_reg_pp0_iter35           |    1|   0|    1|          0|
    |ap_enable_reg_pp0_iter36           |    1|   0|    1|          0|
    |ap_enable_reg_pp0_iter37           |    1|   0|    1|          0|
    |ap_enable_reg_pp0_iter38           |    1|   0|    1|          0|
    |ap_enable_reg_pp0_iter39           |    1|   0|    1|          0|
    |ap_enable_reg_pp0_iter4            |    1|   0|    1|          0|
    |ap_enable_reg_pp0_iter40           |    1|   0|    1|          0|
    |ap_enable_reg_pp0_iter41           |    1|   0|    1|          0|
    |ap_enable_reg_pp0_iter42           |    1|   0|    1|          0|
    |ap_enable_reg_pp0_iter43           |    1|   0|    1|          0|
    |ap_enable_reg_pp0_iter44           |    1|   0|    1|          0|
    |ap_enable_reg_pp0_iter45           |    1|   0|    1|          0|
    |ap_enable_reg_pp0_iter46           |    1|   0|    1|          0|
    |ap_enable_reg_pp0_iter47           |    1|   0|    1|          0|
    |ap_enable_reg_pp0_iter48           |    1|   0|    1|          0|
    |ap_enable_reg_pp0_iter49           |    1|   0|    1|          0|
    |ap_enable_reg_pp0_iter5            |    1|   0|    1|          0|
    |ap_enable_reg_pp0_iter50           |    1|   0|    1|          0|
    |ap_enable_reg_pp0_iter51           |    1|   0|    1|          0|
    |ap_enable_reg_pp0_iter52           |    1|   0|    1|          0|
    |ap_enable_reg_pp0_iter53           |    1|   0|    1|          0|
    |ap_enable_reg_pp0_iter54           |    1|   0|    1|          0|
    |ap_enable_reg_pp0_iter55           |    1|   0|    1|          0|
    |ap_enable_reg_pp0_iter56           |    1|   0|    1|          0|
    |ap_enable_reg_pp0_iter57           |    1|   0|    1|          0|
    |ap_enable_reg_pp0_iter58           |    1|   0|    1|          0|
    |ap_enable_reg_pp0_iter59           |    1|   0|    1|          0|
    |ap_enable_reg_pp0_iter6            |    1|   0|    1|          0|
    |ap_enable_reg_pp0_iter60           |    1|   0|    1|          0|
    |ap_enable_reg_pp0_iter61           |    1|   0|    1|          0|
    |ap_enable_reg_pp0_iter62           |    1|   0|    1|          0|
    |ap_enable_reg_pp0_iter63           |    1|   0|    1|          0|
    |ap_enable_reg_pp0_iter64           |    1|   0|    1|          0|
    |ap_enable_reg_pp0_iter65           |    1|   0|    1|          0|
    |ap_enable_reg_pp0_iter66           |    1|   0|    1|          0|
    |ap_enable_reg_pp0_iter67           |    1|   0|    1|          0|
    |ap_enable_reg_pp0_iter68           |    1|   0|    1|          0|
    |ap_enable_reg_pp0_iter69           |    1|   0|    1|          0|
    |ap_enable_reg_pp0_iter7            |    1|   0|    1|          0|
    |ap_enable_reg_pp0_iter70           |    1|   0|    1|          0|
    |ap_enable_reg_pp0_iter71           |    1|   0|    1|          0|
    |ap_enable_reg_pp0_iter8            |    1|   0|    1|          0|
    |ap_enable_reg_pp0_iter9            |    1|   0|    1|          0|
    |ap_loop_exit_ready_pp0_iter10_reg  |    1|   0|    1|          0|
    |ap_loop_exit_ready_pp0_iter11_reg  |    1|   0|    1|          0|
    |ap_loop_exit_ready_pp0_iter12_reg  |    1|   0|    1|          0|
    |ap_loop_exit_ready_pp0_iter13_reg  |    1|   0|    1|          0|
    |ap_loop_exit_ready_pp0_iter14_reg  |    1|   0|    1|          0|
    |ap_loop_exit_ready_pp0_iter15_reg  |    1|   0|    1|          0|
    |ap_loop_exit_ready_pp0_iter16_reg  |    1|   0|    1|          0|
    |ap_loop_exit_ready_pp0_iter17_reg  |    1|   0|    1|          0|
    |ap_loop_exit_ready_pp0_iter18_reg  |    1|   0|    1|          0|
    |ap_loop_exit_ready_pp0_iter19_reg  |    1|   0|    1|          0|
    |ap_loop_exit_ready_pp0_iter20_reg  |    1|   0|    1|          0|
    |ap_loop_exit_ready_pp0_iter21_reg  |    1|   0|    1|          0|
    |ap_loop_exit_ready_pp0_iter22_reg  |    1|   0|    1|          0|
    |ap_loop_exit_ready_pp0_iter23_reg  |    1|   0|    1|          0|
    |ap_loop_exit_ready_pp0_iter24_reg  |    1|   0|    1|          0|
    |ap_loop_exit_ready_pp0_iter25_reg  |    1|   0|    1|          0|
    |ap_loop_exit_ready_pp0_iter26_reg  |    1|   0|    1|          0|
    |ap_loop_exit_ready_pp0_iter27_reg  |    1|   0|    1|          0|
    |ap_loop_exit_ready_pp0_iter28_reg  |    1|   0|    1|          0|
    |ap_loop_exit_ready_pp0_iter29_reg  |    1|   0|    1|          0|
    |ap_loop_exit_ready_pp0_iter2_reg   |    1|   0|    1|          0|
    |ap_loop_exit_ready_pp0_iter30_reg  |    1|   0|    1|          0|
    |ap_loop_exit_ready_pp0_iter31_reg  |    1|   0|    1|          0|
    |ap_loop_exit_ready_pp0_iter32_reg  |    1|   0|    1|          0|
    |ap_loop_exit_ready_pp0_iter33_reg  |    1|   0|    1|          0|
    |ap_loop_exit_ready_pp0_iter34_reg  |    1|   0|    1|          0|
    |ap_loop_exit_ready_pp0_iter35_reg  |    1|   0|    1|          0|
    |ap_loop_exit_ready_pp0_iter36_reg  |    1|   0|    1|          0|
    |ap_loop_exit_ready_pp0_iter37_reg  |    1|   0|    1|          0|
    |ap_loop_exit_ready_pp0_iter38_reg  |    1|   0|    1|          0|
    |ap_loop_exit_ready_pp0_iter39_reg  |    1|   0|    1|          0|
    |ap_loop_exit_ready_pp0_iter3_reg   |    1|   0|    1|          0|
    |ap_loop_exit_ready_pp0_iter40_reg  |    1|   0|    1|          0|
    |ap_loop_exit_ready_pp0_iter41_reg  |    1|   0|    1|          0|
    |ap_loop_exit_ready_pp0_iter42_reg  |    1|   0|    1|          0|
    |ap_loop_exit_ready_pp0_iter43_reg  |    1|   0|    1|          0|
    |ap_loop_exit_ready_pp0_iter44_reg  |    1|   0|    1|          0|
    |ap_loop_exit_ready_pp0_iter45_reg  |    1|   0|    1|          0|
    |ap_loop_exit_ready_pp0_iter46_reg  |    1|   0|    1|          0|
    |ap_loop_exit_ready_pp0_iter47_reg  |    1|   0|    1|          0|
    |ap_loop_exit_ready_pp0_iter48_reg  |    1|   0|    1|          0|
    |ap_loop_exit_ready_pp0_iter49_reg  |    1|   0|    1|          0|
    |ap_loop_exit_ready_pp0_iter4_reg   |    1|   0|    1|          0|
    |ap_loop_exit_ready_pp0_iter50_reg  |    1|   0|    1|          0|
    |ap_loop_exit_ready_pp0_iter51_reg  |    1|   0|    1|          0|
    |ap_loop_exit_ready_pp0_iter52_reg  |    1|   0|    1|          0|
    |ap_loop_exit_ready_pp0_iter53_reg  |    1|   0|    1|          0|
    |ap_loop_exit_ready_pp0_iter54_reg  |    1|   0|    1|          0|
    |ap_loop_exit_ready_pp0_iter55_reg  |    1|   0|    1|          0|
    |ap_loop_exit_ready_pp0_iter56_reg  |    1|   0|    1|          0|
    |ap_loop_exit_ready_pp0_iter57_reg  |    1|   0|    1|          0|
    |ap_loop_exit_ready_pp0_iter58_reg  |    1|   0|    1|          0|
    |ap_loop_exit_ready_pp0_iter59_reg  |    1|   0|    1|          0|
    |ap_loop_exit_ready_pp0_iter5_reg   |    1|   0|    1|          0|
    |ap_loop_exit_ready_pp0_iter60_reg  |    1|   0|    1|          0|
    |ap_loop_exit_ready_pp0_iter61_reg  |    1|   0|    1|          0|
    |ap_loop_exit_ready_pp0_iter62_reg  |    1|   0|    1|          0|
    |ap_loop_exit_ready_pp0_iter63_reg  |    1|   0|    1|          0|
    |ap_loop_exit_ready_pp0_iter64_reg  |    1|   0|    1|          0|
    |ap_loop_exit_ready_pp0_iter65_reg  |    1|   0|    1|          0|
    |ap_loop_exit_ready_pp0_iter66_reg  |    1|   0|    1|          0|
    |ap_loop_exit_ready_pp0_iter67_reg  |    1|   0|    1|          0|
    |ap_loop_exit_ready_pp0_iter68_reg  |    1|   0|    1|          0|
    |ap_loop_exit_ready_pp0_iter69_reg  |    1|   0|    1|          0|
    |ap_loop_exit_ready_pp0_iter6_reg   |    1|   0|    1|          0|
    |ap_loop_exit_ready_pp0_iter70_reg  |    1|   0|    1|          0|
    |ap_loop_exit_ready_pp0_iter7_reg   |    1|   0|    1|          0|
    |ap_loop_exit_ready_pp0_iter8_reg   |    1|   0|    1|          0|
    |ap_loop_exit_ready_pp0_iter9_reg   |    1|   0|    1|          0|
    |i_fu_250                           |   64|   0|   64|          0|
    |indvar123_fu_254                   |   64|   0|   64|          0|
    |indvar126_fu_246                   |   64|   0|   64|          0|
    |indvar_flatten72_fu_258            |  128|   0|  128|          0|
    |j_fu_242                           |   64|   0|   64|          0|
    |shl_ln268_1_reg_1557               |  512|   0|  512|          0|
    |shl_ln268_reg_1552                 |   64|   0|   64|          0|
    |tmp_4_reg_1536                     |   32|   0|   32|          0|
    |trunc_ln6_reg_1547                 |   58|   0|   58|          0|
    |zext_ln212_1_cast_reg_1527         |   12|   0|   64|         52|
    |zext_ln212_2_cast_reg_1516         |   13|   0|   64|         51|
    |zext_ln212_cast_reg_1521           |   24|   0|   62|         38|
    +-----------------------------------+-----+----+-----+-----------+
    |Total                              | 1247|   0| 1388|        141|
    +-----------------------------------+-----+----+-----+-----------+



================================================================
== Interface
================================================================
* Summary: 
+---------------------+-----+-----+------------+-----------------------------------------+--------------+
|      RTL Ports      | Dir | Bits|  Protocol  |              Source Object              |    C Type    |
+---------------------+-----+-----+------------+-----------------------------------------+--------------+
|ap_clk               |   in|    1|  ap_ctrl_hs|  krnl_mmult_Pipeline_writeC_writeC_inner|  return value|
|ap_rst               |   in|    1|  ap_ctrl_hs|  krnl_mmult_Pipeline_writeC_writeC_inner|  return value|
|ap_start             |   in|    1|  ap_ctrl_hs|  krnl_mmult_Pipeline_writeC_writeC_inner|  return value|
|ap_done              |  out|    1|  ap_ctrl_hs|  krnl_mmult_Pipeline_writeC_writeC_inner|  return value|
|ap_idle              |  out|    1|  ap_ctrl_hs|  krnl_mmult_Pipeline_writeC_writeC_inner|  return value|
|ap_ready             |  out|    1|  ap_ctrl_hs|  krnl_mmult_Pipeline_writeC_writeC_inner|  return value|
|m_axi_gmem_AWVALID   |  out|    1|       m_axi|                                     gmem|       pointer|
|m_axi_gmem_AWREADY   |   in|    1|       m_axi|                                     gmem|       pointer|
|m_axi_gmem_AWADDR    |  out|   64|       m_axi|                                     gmem|       pointer|
|m_axi_gmem_AWID      |  out|    1|       m_axi|                                     gmem|       pointer|
|m_axi_gmem_AWLEN     |  out|   32|       m_axi|                                     gmem|       pointer|
|m_axi_gmem_AWSIZE    |  out|    3|       m_axi|                                     gmem|       pointer|
|m_axi_gmem_AWBURST   |  out|    2|       m_axi|                                     gmem|       pointer|
|m_axi_gmem_AWLOCK    |  out|    2|       m_axi|                                     gmem|       pointer|
|m_axi_gmem_AWCACHE   |  out|    4|       m_axi|                                     gmem|       pointer|
|m_axi_gmem_AWPROT    |  out|    3|       m_axi|                                     gmem|       pointer|
|m_axi_gmem_AWQOS     |  out|    4|       m_axi|                                     gmem|       pointer|
|m_axi_gmem_AWREGION  |  out|    4|       m_axi|                                     gmem|       pointer|
|m_axi_gmem_AWUSER    |  out|    1|       m_axi|                                     gmem|       pointer|
|m_axi_gmem_WVALID    |  out|    1|       m_axi|                                     gmem|       pointer|
|m_axi_gmem_WREADY    |   in|    1|       m_axi|                                     gmem|       pointer|
|m_axi_gmem_WDATA     |  out|  512|       m_axi|                                     gmem|       pointer|
|m_axi_gmem_WSTRB     |  out|   64|       m_axi|                                     gmem|       pointer|
|m_axi_gmem_WLAST     |  out|    1|       m_axi|                                     gmem|       pointer|
|m_axi_gmem_WID       |  out|    1|       m_axi|                                     gmem|       pointer|
|m_axi_gmem_WUSER     |  out|    1|       m_axi|                                     gmem|       pointer|
|m_axi_gmem_ARVALID   |  out|    1|       m_axi|                                     gmem|       pointer|
|m_axi_gmem_ARREADY   |   in|    1|       m_axi|                                     gmem|       pointer|
|m_axi_gmem_ARADDR    |  out|   64|       m_axi|                                     gmem|       pointer|
|m_axi_gmem_ARID      |  out|    1|       m_axi|                                     gmem|       pointer|
|m_axi_gmem_ARLEN     |  out|   32|       m_axi|                                     gmem|       pointer|
|m_axi_gmem_ARSIZE    |  out|    3|       m_axi|                                     gmem|       pointer|
|m_axi_gmem_ARBURST   |  out|    2|       m_axi|                                     gmem|       pointer|
|m_axi_gmem_ARLOCK    |  out|    2|       m_axi|                                     gmem|       pointer|
|m_axi_gmem_ARCACHE   |  out|    4|       m_axi|                                     gmem|       pointer|
|m_axi_gmem_ARPROT    |  out|    3|       m_axi|                                     gmem|       pointer|
|m_axi_gmem_ARQOS     |  out|    4|       m_axi|                                     gmem|       pointer|
|m_axi_gmem_ARREGION  |  out|    4|       m_axi|                                     gmem|       pointer|
|m_axi_gmem_ARUSER    |  out|    1|       m_axi|                                     gmem|       pointer|
|m_axi_gmem_RVALID    |   in|    1|       m_axi|                                     gmem|       pointer|
|m_axi_gmem_RREADY    |  out|    1|       m_axi|                                     gmem|       pointer|
|m_axi_gmem_RDATA     |   in|  512|       m_axi|                                     gmem|       pointer|
|m_axi_gmem_RLAST     |   in|    1|       m_axi|                                     gmem|       pointer|
|m_axi_gmem_RID       |   in|    1|       m_axi|                                     gmem|       pointer|
|m_axi_gmem_RUSER     |   in|    1|       m_axi|                                     gmem|       pointer|
|m_axi_gmem_RRESP     |   in|    2|       m_axi|                                     gmem|       pointer|
|m_axi_gmem_BVALID    |   in|    1|       m_axi|                                     gmem|       pointer|
|m_axi_gmem_BREADY    |  out|    1|       m_axi|                                     gmem|       pointer|
|m_axi_gmem_BRESP     |   in|    2|       m_axi|                                     gmem|       pointer|
|m_axi_gmem_BID       |   in|    1|       m_axi|                                     gmem|       pointer|
|m_axi_gmem_BUSER     |   in|    1|       m_axi|                                     gmem|       pointer|
|zext_ln265           |   in|   12|     ap_none|                               zext_ln265|        scalar|
|zext_ln212_1         |   in|   12|     ap_none|                             zext_ln212_1|        scalar|
|zext_ln212           |   in|   24|     ap_none|                               zext_ln212|        scalar|
|tmp_10               |   in|    9|     ap_none|                                   tmp_10|        scalar|
|bound66              |   in|  128|     ap_none|                                  bound66|        scalar|
|zext_ln212_2         |   in|   13|     ap_none|                             zext_ln212_2|        scalar|
|localC_0_0_4_reload  |   in|   32|     ap_none|                      localC_0_0_4_reload|        scalar|
|localC_0_1_4_reload  |   in|   32|     ap_none|                      localC_0_1_4_reload|        scalar|
|localC_0_2_4_reload  |   in|   32|     ap_none|                      localC_0_2_4_reload|        scalar|
|localC_0_3_4_reload  |   in|   32|     ap_none|                      localC_0_3_4_reload|        scalar|
|localC_0_4_4_reload  |   in|   32|     ap_none|                      localC_0_4_4_reload|        scalar|
|localC_0_5_4_reload  |   in|   32|     ap_none|                      localC_0_5_4_reload|        scalar|
|localC_0_6_4_reload  |   in|   32|     ap_none|                      localC_0_6_4_reload|        scalar|
|localC_0_7_4_reload  |   in|   32|     ap_none|                      localC_0_7_4_reload|        scalar|
|localC_1_0_2_reload  |   in|   32|     ap_none|                      localC_1_0_2_reload|        scalar|
|localC_1_1_2_reload  |   in|   32|     ap_none|                      localC_1_1_2_reload|        scalar|
|localC_1_2_2_reload  |   in|   32|     ap_none|                      localC_1_2_2_reload|        scalar|
|localC_1_3_2_reload  |   in|   32|     ap_none|                      localC_1_3_2_reload|        scalar|
|localC_1_4_2_reload  |   in|   32|     ap_none|                      localC_1_4_2_reload|        scalar|
|localC_1_5_2_reload  |   in|   32|     ap_none|                      localC_1_5_2_reload|        scalar|
|localC_1_6_2_reload  |   in|   32|     ap_none|                      localC_1_6_2_reload|        scalar|
|localC_1_7_2_reload  |   in|   32|     ap_none|                      localC_1_7_2_reload|        scalar|
|localC_2_0_2_reload  |   in|   32|     ap_none|                      localC_2_0_2_reload|        scalar|
|localC_2_1_2_reload  |   in|   32|     ap_none|                      localC_2_1_2_reload|        scalar|
|localC_2_2_2_reload  |   in|   32|     ap_none|                      localC_2_2_2_reload|        scalar|
|localC_2_3_2_reload  |   in|   32|     ap_none|                      localC_2_3_2_reload|        scalar|
|localC_2_4_2_reload  |   in|   32|     ap_none|                      localC_2_4_2_reload|        scalar|
|localC_2_5_2_reload  |   in|   32|     ap_none|                      localC_2_5_2_reload|        scalar|
|localC_2_6_2_reload  |   in|   32|     ap_none|                      localC_2_6_2_reload|        scalar|
|localC_2_7_2_reload  |   in|   32|     ap_none|                      localC_2_7_2_reload|        scalar|
|localC_3_0_2_reload  |   in|   32|     ap_none|                      localC_3_0_2_reload|        scalar|
|localC_3_1_2_reload  |   in|   32|     ap_none|                      localC_3_1_2_reload|        scalar|
|localC_3_2_2_reload  |   in|   32|     ap_none|                      localC_3_2_2_reload|        scalar|
|localC_3_3_2_reload  |   in|   32|     ap_none|                      localC_3_3_2_reload|        scalar|
|localC_3_4_2_reload  |   in|   32|     ap_none|                      localC_3_4_2_reload|        scalar|
|localC_3_5_2_reload  |   in|   32|     ap_none|                      localC_3_5_2_reload|        scalar|
|localC_3_6_2_reload  |   in|   32|     ap_none|                      localC_3_6_2_reload|        scalar|
|localC_3_7_2_reload  |   in|   32|     ap_none|                      localC_3_7_2_reload|        scalar|
|localC_4_0_2_reload  |   in|   32|     ap_none|                      localC_4_0_2_reload|        scalar|
|localC_4_1_2_reload  |   in|   32|     ap_none|                      localC_4_1_2_reload|        scalar|
|localC_4_2_2_reload  |   in|   32|     ap_none|                      localC_4_2_2_reload|        scalar|
|localC_4_3_2_reload  |   in|   32|     ap_none|                      localC_4_3_2_reload|        scalar|
|localC_4_4_2_reload  |   in|   32|     ap_none|                      localC_4_4_2_reload|        scalar|
|localC_4_5_2_reload  |   in|   32|     ap_none|                      localC_4_5_2_reload|        scalar|
|localC_4_6_2_reload  |   in|   32|     ap_none|                      localC_4_6_2_reload|        scalar|
|localC_4_7_2_reload  |   in|   32|     ap_none|                      localC_4_7_2_reload|        scalar|
|localC_5_0_2_reload  |   in|   32|     ap_none|                      localC_5_0_2_reload|        scalar|
|localC_5_1_2_reload  |   in|   32|     ap_none|                      localC_5_1_2_reload|        scalar|
|localC_5_2_2_reload  |   in|   32|     ap_none|                      localC_5_2_2_reload|        scalar|
|localC_5_3_2_reload  |   in|   32|     ap_none|                      localC_5_3_2_reload|        scalar|
|localC_5_4_2_reload  |   in|   32|     ap_none|                      localC_5_4_2_reload|        scalar|
|localC_5_5_2_reload  |   in|   32|     ap_none|                      localC_5_5_2_reload|        scalar|
|localC_5_6_2_reload  |   in|   32|     ap_none|                      localC_5_6_2_reload|        scalar|
|localC_5_7_2_reload  |   in|   32|     ap_none|                      localC_5_7_2_reload|        scalar|
|localC_6_0_2_reload  |   in|   32|     ap_none|                      localC_6_0_2_reload|        scalar|
|localC_6_1_2_reload  |   in|   32|     ap_none|                      localC_6_1_2_reload|        scalar|
|localC_6_2_2_reload  |   in|   32|     ap_none|                      localC_6_2_2_reload|        scalar|
|localC_6_3_2_reload  |   in|   32|     ap_none|                      localC_6_3_2_reload|        scalar|
|localC_6_4_2_reload  |   in|   32|     ap_none|                      localC_6_4_2_reload|        scalar|
|localC_6_5_2_reload  |   in|   32|     ap_none|                      localC_6_5_2_reload|        scalar|
|localC_6_6_2_reload  |   in|   32|     ap_none|                      localC_6_6_2_reload|        scalar|
|localC_6_7_2_reload  |   in|   32|     ap_none|                      localC_6_7_2_reload|        scalar|
|localC_7_0_2_reload  |   in|   32|     ap_none|                      localC_7_0_2_reload|        scalar|
|localC_7_1_2_reload  |   in|   32|     ap_none|                      localC_7_1_2_reload|        scalar|
|localC_7_2_2_reload  |   in|   32|     ap_none|                      localC_7_2_2_reload|        scalar|
|localC_7_3_2_reload  |   in|   32|     ap_none|                      localC_7_3_2_reload|        scalar|
|localC_7_4_2_reload  |   in|   32|     ap_none|                      localC_7_4_2_reload|        scalar|
|localC_7_5_2_reload  |   in|   32|     ap_none|                      localC_7_5_2_reload|        scalar|
|localC_7_6_2_reload  |   in|   32|     ap_none|                      localC_7_6_2_reload|        scalar|
|localC_7_7_2_reload  |   in|   32|     ap_none|                      localC_7_7_2_reload|        scalar|
|c                    |   in|   64|     ap_none|                                        c|        scalar|
|c_cast               |   in|    6|     ap_none|                                   c_cast|        scalar|
+---------------------+-----+-----+------------+-----------------------------------------+--------------+

