

================================================================
== Vitis HLS Report for 'krnl_mmult_Pipeline_readA_readA_inner'
================================================================
* Date:           Mon Dec  4 19:45:21 2023

* Version:        2021.1 (Build 3247384 on Thu Jun 10 19:36:07 MDT 2021)
* Project:        systolic_hls
* Solution:       solution1 (Vitis Kernel Flow Target)
* Product family: zynquplus
* Target device:  xczu3eg-sbva484-1-i


================================================================
== Performance Estimates
================================================================
+ Timing: 
    * Summary: 
    +--------+----------+----------+------------+
    |  Clock |  Target  | Estimated| Uncertainty|
    +--------+----------+----------+------------+
    |ap_clk  |  10.00 ns|  7.300 ns|     2.70 ns|
    +--------+----------+----------+------------+

+ Latency: 
    * Summary: 
    +---------+---------+----------+----------+-----+-----+---------+
    |  Latency (cycles) |  Latency (absolute) |  Interval | Pipeline|
    |   min   |   max   |    min   |    max   | min | max |   Type  |
    +---------+---------+----------+----------+-----+-----+---------+
    |        ?|        ?|         ?|         ?|    ?|    ?|       no|
    +---------+---------+----------+----------+-----+-----+---------+

    + Detail: 
        * Instance: 
        N/A

        * Loop: 
        +---------------------+---------+---------+----------+-----------+-----------+------+----------+
        |                     |  Latency (cycles) | Iteration|  Initiation Interval  | Trip |          |
        |      Loop Name      |   min   |   max   |  Latency |  achieved |   target  | Count| Pipelined|
        +---------------------+---------+---------+----------+-----------+-----------+------+----------+
        |- readA_readA_inner  |        ?|        ?|         3|          1|          1|     ?|       yes|
        +---------------------+---------+---------+----------+-----------+-----------+------+----------+



================================================================
== Utilization Estimates
================================================================
* Summary: 
+-----------------+---------+-----+--------+-------+-----+
|       Name      | BRAM_18K| DSP |   FF   |  LUT  | URAM|
+-----------------+---------+-----+--------+-------+-----+
|DSP              |        -|    -|       -|      -|    -|
|Expression       |        -|    -|       0|    781|    -|
|FIFO             |        -|    -|       -|      -|    -|
|Instance         |        -|    -|       -|      -|    -|
|Memory           |        -|    -|       -|      -|    -|
|Multiplexer      |        -|    -|       -|     86|    -|
|Register         |        -|    -|    1183|      -|    -|
+-----------------+---------+-----+--------+-------+-----+
|Total            |        0|    0|    1183|    867|    0|
+-----------------+---------+-----+--------+-------+-----+
|Available        |      432|  360|  141120|  70560|    0|
+-----------------+---------+-----+--------+-------+-----+
|Utilization (%)  |        0|    0|      ~0|      1|    0|
+-----------------+---------+-----+--------+-------+-----+

+ Detail: 
    * Instance: 
    N/A

    * DSP: 
    N/A

    * Memory: 
    N/A

    * FIFO: 
    N/A

    * Expression: 
    +----------------------------------+----------+----+---+-----+------------+------------+
    |           Variable Name          | Operation| DSP| FF| LUT | Bitwidth P0| Bitwidth P1|
    +----------------------------------+----------+----+---+-----+------------+------------+
    |add_ln198_1_fu_356_p2             |         +|   0|  0|   71|          64|           1|
    |add_ln198_fu_288_p2               |         +|   0|  0|   83|          76|           1|
    |add_ln200_fu_321_p2               |         +|   0|  0|   20|          13|           1|
    |ap_block_pp0_stage0_11001         |       and|   0|  0|    2|           1|           1|
    |ap_block_state3_pp0_stage0_iter2  |       and|   0|  0|    2|           1|           1|
    |ap_predicate_op35_read_state3     |       and|   0|  0|    2|           1|           1|
    |icmp_ln198_fu_283_p2              |      icmp|   0|  0|   32|          76|          76|
    |icmp_ln200_fu_297_p2              |      icmp|   0|  0|   12|          13|          14|
    |icmp_ln201_fu_315_p2              |      icmp|   0|  0|    9|           4|           1|
    |select_ln198_1_fu_349_p3          |    select|   0|  0|  477|           1|           1|
    |select_ln198_2_fu_362_p3          |    select|   0|  0|   56|           1|          64|
    |select_ln198_fu_303_p3            |    select|   0|  0|   13|           1|           1|
    |ap_enable_pp0                     |       xor|   0|  0|    2|           1|           2|
    +----------------------------------+----------+----+---+-----+------------+------------+
    |Total                             |          |   0|  0|  781|         253|         165|
    +----------------------------------+----------+----+---+-----+------------+------------+

    * Multiplexer: 
    +--------------------------------+----+-----------+-----+-----------+
    |              Name              | LUT| Input Size| Bits| Total Bits|
    +--------------------------------+----+-----------+-----+-----------+
    |ap_done_int                     |   9|          2|    1|          2|
    |ap_enable_reg_pp0_iter1         |   9|          2|    1|          2|
    |ap_enable_reg_pp0_iter3         |   9|          2|    1|          2|
    |ap_phi_mux_empty_phi_fu_246_p4  |  14|          3|  512|       1536|
    |gmem_blk_n_R                    |   9|          2|    1|          2|
    |i_fu_108                        |   9|          2|   64|        128|
    |indvar_flatten_fu_112           |   9|          2|   76|        152|
    |k_fu_104                        |   9|          2|   13|         26|
    |shiftreg129_fu_100              |   9|          2|  480|        960|
    +--------------------------------+----+-----------+-----+-----------+
    |Total                           |  86|         19| 1149|       2810|
    +--------------------------------+----+-----------+-----+-----------+

    * Register: 
    +------------------------------------+-----+----+-----+-----------+
    |                Name                |  FF | LUT| Bits| Const Bits|
    +------------------------------------+-----+----+-----+-----------+
    |ap_CS_fsm                           |    1|   0|    1|          0|
    |ap_done_reg                         |    1|   0|    1|          0|
    |ap_enable_reg_pp0_iter1             |    1|   0|    1|          0|
    |ap_enable_reg_pp0_iter2             |    1|   0|    1|          0|
    |ap_enable_reg_pp0_iter3             |    1|   0|    1|          0|
    |ap_loop_exit_ready_pp0_iter2_reg    |    1|   0|    1|          0|
    |gmem_addr_read_reg_478              |  512|   0|  512|          0|
    |i_fu_108                            |   64|   0|   64|          0|
    |icmp_ln198_reg_459                  |    1|   0|    1|          0|
    |icmp_ln198_reg_459_pp0_iter2_reg    |    1|   0|    1|          0|
    |icmp_ln200_reg_463                  |    1|   0|    1|          0|
    |icmp_ln200_reg_463_pp0_iter2_reg    |    1|   0|    1|          0|
    |icmp_ln201_reg_474                  |    1|   0|    1|          0|
    |icmp_ln201_reg_474_pp0_iter2_reg    |    1|   0|    1|          0|
    |indvar_flatten_fu_112               |   76|   0|   76|          0|
    |k_fu_104                            |   13|   0|   13|          0|
    |select_ln198_reg_469                |   13|   0|   13|          0|
    |select_ln198_reg_469_pp0_iter2_reg  |   13|   0|   13|          0|
    |shiftreg129_fu_100                  |  480|   0|  480|          0|
    +------------------------------------+-----+----+-----+-----------+
    |Total                               | 1183|   0| 1183|          0|
    +------------------------------------+-----+----+-----+-----------+



================================================================
== Interface
================================================================
* Summary: 
+---------------------+-----+-----+------------+---------------------------------------+--------------+
|      RTL Ports      | Dir | Bits|  Protocol  |             Source Object             |    C Type    |
+---------------------+-----+-----+------------+---------------------------------------+--------------+
|ap_clk               |   in|    1|  ap_ctrl_hs|  krnl_mmult_Pipeline_readA_readA_inner|  return value|
|ap_rst               |   in|    1|  ap_ctrl_hs|  krnl_mmult_Pipeline_readA_readA_inner|  return value|
|ap_start             |   in|    1|  ap_ctrl_hs|  krnl_mmult_Pipeline_readA_readA_inner|  return value|
|ap_done              |  out|    1|  ap_ctrl_hs|  krnl_mmult_Pipeline_readA_readA_inner|  return value|
|ap_idle              |  out|    1|  ap_ctrl_hs|  krnl_mmult_Pipeline_readA_readA_inner|  return value|
|ap_ready             |  out|    1|  ap_ctrl_hs|  krnl_mmult_Pipeline_readA_readA_inner|  return value|
|m_axi_gmem_AWVALID   |  out|    1|       m_axi|                                   gmem|       pointer|
|m_axi_gmem_AWREADY   |   in|    1|       m_axi|                                   gmem|       pointer|
|m_axi_gmem_AWADDR    |  out|   64|       m_axi|                                   gmem|       pointer|
|m_axi_gmem_AWID      |  out|    1|       m_axi|                                   gmem|       pointer|
|m_axi_gmem_AWLEN     |  out|   32|       m_axi|                                   gmem|       pointer|
|m_axi_gmem_AWSIZE    |  out|    3|       m_axi|                                   gmem|       pointer|
|m_axi_gmem_AWBURST   |  out|    2|       m_axi|                                   gmem|       pointer|
|m_axi_gmem_AWLOCK    |  out|    2|       m_axi|                                   gmem|       pointer|
|m_axi_gmem_AWCACHE   |  out|    4|       m_axi|                                   gmem|       pointer|
|m_axi_gmem_AWPROT    |  out|    3|       m_axi|                                   gmem|       pointer|
|m_axi_gmem_AWQOS     |  out|    4|       m_axi|                                   gmem|       pointer|
|m_axi_gmem_AWREGION  |  out|    4|       m_axi|                                   gmem|       pointer|
|m_axi_gmem_AWUSER    |  out|    1|       m_axi|                                   gmem|       pointer|
|m_axi_gmem_WVALID    |  out|    1|       m_axi|                                   gmem|       pointer|
|m_axi_gmem_WREADY    |   in|    1|       m_axi|                                   gmem|       pointer|
|m_axi_gmem_WDATA     |  out|  512|       m_axi|                                   gmem|       pointer|
|m_axi_gmem_WSTRB     |  out|   64|       m_axi|                                   gmem|       pointer|
|m_axi_gmem_WLAST     |  out|    1|       m_axi|                                   gmem|       pointer|
|m_axi_gmem_WID       |  out|    1|       m_axi|                                   gmem|       pointer|
|m_axi_gmem_WUSER     |  out|    1|       m_axi|                                   gmem|       pointer|
|m_axi_gmem_ARVALID   |  out|    1|       m_axi|                                   gmem|       pointer|
|m_axi_gmem_ARREADY   |   in|    1|       m_axi|                                   gmem|       pointer|
|m_axi_gmem_ARADDR    |  out|   64|       m_axi|                                   gmem|       pointer|
|m_axi_gmem_ARID      |  out|    1|       m_axi|                                   gmem|       pointer|
|m_axi_gmem_ARLEN     |  out|   32|       m_axi|                                   gmem|       pointer|
|m_axi_gmem_ARSIZE    |  out|    3|       m_axi|                                   gmem|       pointer|
|m_axi_gmem_ARBURST   |  out|    2|       m_axi|                                   gmem|       pointer|
|m_axi_gmem_ARLOCK    |  out|    2|       m_axi|                                   gmem|       pointer|
|m_axi_gmem_ARCACHE   |  out|    4|       m_axi|                                   gmem|       pointer|
|m_axi_gmem_ARPROT    |  out|    3|       m_axi|                                   gmem|       pointer|
|m_axi_gmem_ARQOS     |  out|    4|       m_axi|                                   gmem|       pointer|
|m_axi_gmem_ARREGION  |  out|    4|       m_axi|                                   gmem|       pointer|
|m_axi_gmem_ARUSER    |  out|    1|       m_axi|                                   gmem|       pointer|
|m_axi_gmem_RVALID    |   in|    1|       m_axi|                                   gmem|       pointer|
|m_axi_gmem_RREADY    |  out|    1|       m_axi|                                   gmem|       pointer|
|m_axi_gmem_RDATA     |   in|  512|       m_axi|                                   gmem|       pointer|
|m_axi_gmem_RLAST     |   in|    1|       m_axi|                                   gmem|       pointer|
|m_axi_gmem_RID       |   in|    1|       m_axi|                                   gmem|       pointer|
|m_axi_gmem_RUSER     |   in|    1|       m_axi|                                   gmem|       pointer|
|m_axi_gmem_RRESP     |   in|    2|       m_axi|                                   gmem|       pointer|
|m_axi_gmem_BVALID    |   in|    1|       m_axi|                                   gmem|       pointer|
|m_axi_gmem_BREADY    |  out|    1|       m_axi|                                   gmem|       pointer|
|m_axi_gmem_BRESP     |   in|    2|       m_axi|                                   gmem|       pointer|
|m_axi_gmem_BID       |   in|    1|       m_axi|                                   gmem|       pointer|
|m_axi_gmem_BUSER     |   in|    1|       m_axi|                                   gmem|       pointer|
|zext_ln265           |   in|   12|     ap_none|                             zext_ln265|        scalar|
|sext_ln198           |   in|   58|     ap_none|                             sext_ln198|        scalar|
|zext_ln195           |   in|   76|     ap_none|                             zext_ln195|        scalar|
|localA_0_address0    |  out|   12|   ap_memory|                               localA_0|         array|
|localA_0_ce0         |  out|    1|   ap_memory|                               localA_0|         array|
|localA_0_we0         |  out|    1|   ap_memory|                               localA_0|         array|
|localA_0_d0          |  out|   32|   ap_memory|                               localA_0|         array|
|localA_1_address0    |  out|   12|   ap_memory|                               localA_1|         array|
|localA_1_ce0         |  out|    1|   ap_memory|                               localA_1|         array|
|localA_1_we0         |  out|    1|   ap_memory|                               localA_1|         array|
|localA_1_d0          |  out|   32|   ap_memory|                               localA_1|         array|
|localA_2_address0    |  out|   12|   ap_memory|                               localA_2|         array|
|localA_2_ce0         |  out|    1|   ap_memory|                               localA_2|         array|
|localA_2_we0         |  out|    1|   ap_memory|                               localA_2|         array|
|localA_2_d0          |  out|   32|   ap_memory|                               localA_2|         array|
|localA_3_address0    |  out|   12|   ap_memory|                               localA_3|         array|
|localA_3_ce0         |  out|    1|   ap_memory|                               localA_3|         array|
|localA_3_we0         |  out|    1|   ap_memory|                               localA_3|         array|
|localA_3_d0          |  out|   32|   ap_memory|                               localA_3|         array|
|localA_4_address0    |  out|   12|   ap_memory|                               localA_4|         array|
|localA_4_ce0         |  out|    1|   ap_memory|                               localA_4|         array|
|localA_4_we0         |  out|    1|   ap_memory|                               localA_4|         array|
|localA_4_d0          |  out|   32|   ap_memory|                               localA_4|         array|
|localA_5_address0    |  out|   12|   ap_memory|                               localA_5|         array|
|localA_5_ce0         |  out|    1|   ap_memory|                               localA_5|         array|
|localA_5_we0         |  out|    1|   ap_memory|                               localA_5|         array|
|localA_5_d0          |  out|   32|   ap_memory|                               localA_5|         array|
|localA_6_address0    |  out|   12|   ap_memory|                               localA_6|         array|
|localA_6_ce0         |  out|    1|   ap_memory|                               localA_6|         array|
|localA_6_we0         |  out|    1|   ap_memory|                               localA_6|         array|
|localA_6_d0          |  out|   32|   ap_memory|                               localA_6|         array|
|localA_7_address0    |  out|   12|   ap_memory|                               localA_7|         array|
|localA_7_ce0         |  out|    1|   ap_memory|                               localA_7|         array|
|localA_7_we0         |  out|    1|   ap_memory|                               localA_7|         array|
|localA_7_d0          |  out|   32|   ap_memory|                               localA_7|         array|
+---------------------+-----+-----+------------+---------------------------------------+--------------+

